10.03.2025 15:14:49.523 INFORMATION  Версия программы(First template): '3.4.0.48729'
10.03.2025 15:14:56.523 DEBUG  Версия программы(First template): '3.0'
10.03.2025 16:20:01.001 WARNING Connection lost(First template)
2025-03-10 15:14:51.5882| INFO|11|MobileComputer.GetDeviceId| Код устройства(second templ): '@MINDEO-M40-D-410244015546'
2025-03-10 15:15:55.5882| INFO|11|MobileComputer| Код(second templ): '@AAAA-M40-D-2342442454'
2025-03-10 15:16:00.0000| ERROR|15|NetworkManager.Connect| Ошибка подключения к БД(second templ)
2025/03/10 15:14:51.5882|INFO|TestInvalidLog
DEBUG|Missing timestampInvalidLog
2025-03-10 15:16:03.0000| | | | Пустые поляInvalidLog
10.03.2025 15:14:49.523 INFORMATION  Версия программы: '3.4.0.48729'
10.03.2025 15:14:55.523 INFORMATION  Версия программы: '3.4.0.48729'
10.03.2025 15:14:56.523 DEBUG  Версия программы: '3.0'
2025-03-10 15:14:51.5882| INFO|11|MobileComputer.GetDeviceId| Код устройства: '@MINDEO-M40-D-410244015546'
10.03.2025 15:14:57.523 INFORMATION  Версия программы: '3.4.0.48729'
10.03.2025 15:14:58.523 INFORMATION  Версия программы: '3.4.0.48729'
10.03.2025 15:14:58.544 INFORMATION  Версия программы: '3.4.0.48729'
2025-03-10 15:14:51.5882| INFO|11|MobileComputer.GetDeviceId| Код устройства: '@MINDEO-M40-D-410244015546'
2025-03-10 15:14:51.5882| INFO|11|MobileComputer.GetDeviceId| Код устройства: '@MINDEO-M40-D-410244015546'
2025-03-10 15:15:51.5882| INFO|11|MobileComputer.GetDeviceId| Код устройства: '@MINDEO-M40-D-410244015546'
2025-03-10 15:15:55.5882| INFO|11|MobileComputer| Код: '@AAAA-M40-D-2342442454'
10.03.2025 15:14:49.523 INFORMATION  Версия программы: '3.4.0.48729'
10.03.2025 15:14:55.523 INFORMATION  Версия программы: '3.4.0.48729'
10.03.2025 15:14:56.523 DEBUG  Версия программы: '3.0'
2025-03-10 15:14:51.5882| INFO|11|MobileComputer.GetDeviceId| Код устройства: '@MINDEO-M40-D-410244015546'
10.03.2025 15:14:57.523 INFORMATION  Версия программы: '3.4.0.48729'
10.03.2025 15:14:58.523 INFORMATION  Версия программы: '3.4.0.48729'
10.03.2025 15:14:58.544 INFORMATION  Версия программы: '3.4.0.48729'
2025-03-10 15:14:51.5882| INFO|11|MobileComputer.GetDeviceId| Код устройства: '@MINDEO-M40-D-410244015546'
2025-03-10 15:14:51.5882| INFO|11|MobileComputer.GetDeviceId| Код устройства: '@MINDEO-M40-D-410244015546'
2025-03-10 15:15:51.5882| INFO|11|MobileComputer.GetDeviceId| Код устройства: '@MINDEO-M40-D-410244015546'
2025-03-10 15:15:55.5882| INFO|11|MobileComputer| Код: '@AAAA-M40-D-2342442454'
10.03.2025 15:14:49.523 INFORMATION  Версия программы: '3.4.0.48729'
10.03.2025 15:14:55.523 INFORMATION  Версия программы: '3.4.0.48729'
10.03.2025 15:14:56.523 DEBUG  Версия программы: '3.0'
2025-03-10 15:14:51.5882| INFO|11|MobileComputer.GetDeviceId| Код устройства: '@MINDEO-M40-D-410244015546'
10.03.2025 15:14:57.523 INFORMATION  Версия программы: '3.4.0.48729'
10.03.2025 15:14:58.523 INFORMATION  Версия программы: '3.4.0.48729'
10.03.2025 15:14:58.544 INFORMATION  Версия программы: '3.4.0.48729'
2025-03-10 15:14:51.5882|INFO|11|MobileComputer.GetDeviceId|Device ID: 'X1-2025'
10.03.2025 16:20:01.001 WARNING Connection lost
2025-03-10 15:14:51.5882| INFO|11|MobileComputer.GetDeviceId| Код устройства: '@MINDEO-M40-D-410244015546'
2025-03-10 15:14:51.5882| INFO|11|MobileComputer.GetDeviceId| Код устройства: '@MINDEO-M40-D-410244015546'
2025-03-10 15:15:51.5882| INFO|11|MobileComputer.GetDeviceId| Код устройства: '@MINDEO-M40-D-410244015546'
2025-03-10 15:15:55.5882| INFO|11|MobileComputer| Код: '@AAAA-M40-D-2342442454'
10.03.2025 15:14:49.523 INFORMATION  Версия программы: '3.4.0.48729'
10.03.2025 15:14:55.523 INFORMATION  Версия программы: '3.4.0.48729'
10.03.2025 15:14:56.523 DEBUG  Версия программы: '3.0'
2025-03-10 15:14:51.5882| INFO|11|MobileComputer.GetDeviceId| Код устройства: '@MINDEO-M40-D-410244015546'
10.03.2025 15:14:57.523 INFORMATION  Версия программы: '3.4.0.48729'
10.03.2025 15:14:58.523 INFORMATION  Версия программы: '3.4.0.48729'
10.03.2025 15:14:58.544 INFORMATION  Версия программы: '3.4.0.48729'
2025/03/10 15:14:51.5882|INFO|TestInvalidLog
DEBUG|Missing timestampInvalidLog
2025-03-10 15:14:51.5882| INFO|11|MobileComputer.GetDeviceId| Код устройства: '@MINDEO-M40-D-410244015546'
2025-03-10 15:14:51.5882| INFO|11|MobileComputer.GetDeviceId| Код устройства: '@MINDEO-M40-D-410244015546'
2025-03-10 15:15:51.5882| INFO|11|MobileComputer.GetDeviceId| Код устройства: '@MINDEO-M40-D-410244015546'
2025-03-10 15:15:55.5882| INFO|11|MobileComputer| Код: '@AAAA-M40-D-2342442454'
