10-03-2025	15:14:49.523	INFO	DEFAULT	Версия программы(First template): '3.4.0.48729'
10-03-2025	15:14:56.523	DEBUG	DEFAULT	Версия программы(First template): '3.0'
10-03-2025	16:20:01.001	WARN	DEFAULT	Connection lost(First template)
10-03-2025	15:14:51.5882	INFO	MobileComputer.GetDeviceId	Код устройства(second templ): '@MINDEO-M40-D-410244015546'
10-03-2025	15:15:55.5882	INFO	MobileComputer	Код(second templ): '@AAAA-M40-D-2342442454'
10-03-2025	15:16:00.0000	ERROR	NetworkManager.Connect	Ошибка подключения к БД(second templ)
10-03-2025	15:14:49.523	INFO	DEFAULT	Версия программы: '3.4.0.48729'
10-03-2025	15:14:55.523	INFO	DEFAULT	Версия программы: '3.4.0.48729'
10-03-2025	15:14:56.523	DEBUG	DEFAULT	Версия программы: '3.0'
10-03-2025	15:14:51.5882	INFO	MobileComputer.GetDeviceId	Код устройства: '@MINDEO-M40-D-410244015546'
10-03-2025	15:14:57.523	INFO	DEFAULT	Версия программы: '3.4.0.48729'
10-03-2025	15:14:58.523	INFO	DEFAULT	Версия программы: '3.4.0.48729'
10-03-2025	15:14:58.544	INFO	DEFAULT	Версия программы: '3.4.0.48729'
10-03-2025	15:14:51.5882	INFO	MobileComputer.GetDeviceId	Код устройства: '@MINDEO-M40-D-410244015546'
10-03-2025	15:14:51.5882	INFO	MobileComputer.GetDeviceId	Код устройства: '@MINDEO-M40-D-410244015546'
10-03-2025	15:15:51.5882	INFO	MobileComputer.GetDeviceId	Код устройства: '@MINDEO-M40-D-410244015546'
10-03-2025	15:15:55.5882	INFO	MobileComputer	Код: '@AAAA-M40-D-2342442454'
10-03-2025	15:14:49.523	INFO	DEFAULT	Версия программы: '3.4.0.48729'
10-03-2025	15:14:55.523	INFO	DEFAULT	Версия программы: '3.4.0.48729'
10-03-2025	15:14:56.523	DEBUG	DEFAULT	Версия программы: '3.0'
10-03-2025	15:14:51.5882	INFO	MobileComputer.GetDeviceId	Код устройства: '@MINDEO-M40-D-410244015546'
10-03-2025	15:14:57.523	INFO	DEFAULT	Версия программы: '3.4.0.48729'
10-03-2025	15:14:58.523	INFO	DEFAULT	Версия программы: '3.4.0.48729'
10-03-2025	15:14:58.544	INFO	DEFAULT	Версия программы: '3.4.0.48729'
10-03-2025	15:14:51.5882	INFO	MobileComputer.GetDeviceId	Код устройства: '@MINDEO-M40-D-410244015546'
10-03-2025	15:14:51.5882	INFO	MobileComputer.GetDeviceId	Код устройства: '@MINDEO-M40-D-410244015546'
10-03-2025	15:15:51.5882	INFO	MobileComputer.GetDeviceId	Код устройства: '@MINDEO-M40-D-410244015546'
10-03-2025	15:15:55.5882	INFO	MobileComputer	Код: '@AAAA-M40-D-2342442454'
10-03-2025	15:14:49.523	INFO	DEFAULT	Версия программы: '3.4.0.48729'
10-03-2025	15:14:55.523	INFO	DEFAULT	Версия программы: '3.4.0.48729'
10-03-2025	15:14:56.523	DEBUG	DEFAULT	Версия программы: '3.0'
10-03-2025	15:14:51.5882	INFO	MobileComputer.GetDeviceId	Код устройства: '@MINDEO-M40-D-410244015546'
10-03-2025	15:14:57.523	INFO	DEFAULT	Версия программы: '3.4.0.48729'
10-03-2025	15:14:58.523	INFO	DEFAULT	Версия программы: '3.4.0.48729'
10-03-2025	15:14:58.544	INFO	DEFAULT	Версия программы: '3.4.0.48729'
10-03-2025	15:14:51.5882	INFO	MobileComputer.GetDeviceId	Device ID: 'X1-2025'
10-03-2025	16:20:01.001	WARN	DEFAULT	Connection lost
10-03-2025	15:14:51.5882	INFO	MobileComputer.GetDeviceId	Код устройства: '@MINDEO-M40-D-410244015546'
10-03-2025	15:14:51.5882	INFO	MobileComputer.GetDeviceId	Код устройства: '@MINDEO-M40-D-410244015546'
10-03-2025	15:15:51.5882	INFO	MobileComputer.GetDeviceId	Код устройства: '@MINDEO-M40-D-410244015546'
10-03-2025	15:15:55.5882	INFO	MobileComputer	Код: '@AAAA-M40-D-2342442454'
10-03-2025	15:14:49.523	INFO	DEFAULT	Версия программы: '3.4.0.48729'
10-03-2025	15:14:55.523	INFO	DEFAULT	Версия программы: '3.4.0.48729'
10-03-2025	15:14:56.523	DEBUG	DEFAULT	Версия программы: '3.0'
10-03-2025	15:14:51.5882	INFO	MobileComputer.GetDeviceId	Код устройства: '@MINDEO-M40-D-410244015546'
10-03-2025	15:14:57.523	INFO	DEFAULT	Версия программы: '3.4.0.48729'
10-03-2025	15:14:58.523	INFO	DEFAULT	Версия программы: '3.4.0.48729'
10-03-2025	15:14:58.544	INFO	DEFAULT	Версия программы: '3.4.0.48729'
10-03-2025	15:14:51.5882	INFO	MobileComputer.GetDeviceId	Код устройства: '@MINDEO-M40-D-410244015546'
10-03-2025	15:14:51.5882	INFO	MobileComputer.GetDeviceId	Код устройства: '@MINDEO-M40-D-410244015546'
10-03-2025	15:15:51.5882	INFO	MobileComputer.GetDeviceId	Код устройства: '@MINDEO-M40-D-410244015546'
10-03-2025	15:15:55.5882	INFO	MobileComputer	Код: '@AAAA-M40-D-2342442454'
